<?xml version="1.0" encoding="UTF-8"?>
<testsuite name="com.example.jwt.domain.order.unit.OrderServiceUnitTest" tests="1" skipped="0" failures="0" errors="0" timestamp="2022-09-28T08:10:36" hostname="HappyMac.local" time="0.537">
  <properties/>
  <testcase name="Test1 false" classname="com.example.jwt.domain.order.unit.OrderServiceUnitTest" time="0.537"/>
  <system-out><![CDATA[Worked
]]></system-out>
  <system-err><![CDATA[]]></system-err>
</testsuite>
